<?xml version="1.0" encoding="UTF-8"?>
<testng-results skipped="0" failed="0" ignored="0" total="1" passed="1">
  <reporter-output>
  </reporter-output>
  <suite name="Default suite" duration-ms="53601" started-at="2020-04-09T01:11:35Z" finished-at="2020-04-09T01:12:29Z">
    <groups>
    </groups>
    <test name="Default test" duration-ms="53601" started-at="2020-04-09T01:11:35Z" finished-at="2020-04-09T01:12:29Z">
      <class name="com.training.sanity.tests.AddAssessments_ELTC_033">
        <test-method status="PASS" signature="setUpBeforeClass()[pri:0, instance:com.training.sanity.tests.AddAssessments_ELTC_033@457e2f02]" name="setUpBeforeClass" is-config="true" duration-ms="24" started-at="2020-04-09T06:41:35Z" finished-at="2020-04-09T06:41:36Z">
          <reporter-output>
          </reporter-output>
        </test-method> <!-- setUpBeforeClass -->
        <test-method status="PASS" signature="setUp()[pri:0, instance:com.training.sanity.tests.AddAssessments_ELTC_033@457e2f02]" name="setUp" is-config="true" duration-ms="17539" started-at="2020-04-09T06:41:36Z" finished-at="2020-04-09T06:41:53Z">
          <reporter-output>
          </reporter-output>
        </test-method> <!-- setUp -->
        <test-method status="PASS" signature="AddAssessmentAttachCertificate()[pri:0, instance:com.training.sanity.tests.AddAssessments_ELTC_033@457e2f02]" name="AddAssessmentAttachCertificate" duration-ms="35012" started-at="2020-04-09T06:41:53Z" finished-at="2020-04-09T06:42:28Z">
          <reporter-output>
          </reporter-output>
        </test-method> <!-- AddAssessmentAttachCertificate -->
        <test-method status="PASS" signature="tearDown()[pri:0, instance:com.training.sanity.tests.AddAssessments_ELTC_033@457e2f02]" name="tearDown" is-config="true" duration-ms="1001" started-at="2020-04-09T06:42:28Z" finished-at="2020-04-09T06:42:29Z">
          <reporter-output>
          </reporter-output>
        </test-method> <!-- tearDown -->
      </class> <!-- com.training.sanity.tests.AddAssessments_ELTC_033 -->
    </test> <!-- Default test -->
  </suite> <!-- Default suite -->
</testng-results>
