<?xml version="1.0" encoding="UTF-8"?>
<testng-results skipped="0" failed="0" ignored="0" total="4" passed="4">
  <reporter-output>
  </reporter-output>
  <suite name="Default suite" duration-ms="227820" started-at="2020-04-16T15:30:04Z" finished-at="2020-04-16T15:33:52Z">
    <groups>
    </groups>
    <test name="Default test" duration-ms="227820" started-at="2020-04-16T15:30:04Z" finished-at="2020-04-16T15:33:52Z">
      <class name="com.training.sanity.tests.MutiUserSignUpTest_WrongInput_ELTC_62">
        <test-method status="PASS" signature="setUpBeforeClass()[pri:0, instance:com.training.sanity.tests.MutiUserSignUpTest_WrongInput_ELTC_62@39aeed2f]" name="setUpBeforeClass" is-config="true" duration-ms="53" started-at="2020-04-16T21:00:04Z" finished-at="2020-04-16T21:00:04Z">
          <reporter-output>
          </reporter-output>
        </test-method> <!-- setUpBeforeClass -->
        <test-method status="PASS" signature="setUp()[pri:0, instance:com.training.sanity.tests.MutiUserSignUpTest_WrongInput_ELTC_62@39aeed2f]" name="setUp" is-config="true" duration-ms="24262" started-at="2020-04-16T21:00:04Z" finished-at="2020-04-16T21:00:29Z">
          <reporter-output>
          </reporter-output>
        </test-method> <!-- setUp -->
        <test-method status="PASS" signature="user(java.lang.String, java.lang.String, java.lang.String, java.lang.String, java.lang.String, java.lang.String, java.lang.String, java.lang.String)[pri:0, instance:com.training.sanity.tests.MutiUserSignUpTest_WrongInput_ELTC_62@39aeed2f]" name="user" duration-ms="41441" started-at="2020-04-16T21:00:29Z" data-provider="TestData" finished-at="2020-04-16T21:01:10Z">
          <params>
            <param index="0">
              <value>
                <![CDATA[%%%%%]]>
              </value>
            </param>
            <param index="1">
              <value>
                <![CDATA[radha]]>
              </value>
            </param>
            <param index="2">
              <value>
                <![CDATA[%%%%%@gmail.com]]>
              </value>
            </param>
            <param index="3">
              <value>
                <![CDATA[radha]]>
              </value>
            </param>
            <param index="4">
              <value>
                <![CDATA[radha]]>
              </value>
            </param>
            <param index="5">
              <value>
                <![CDATA[radha]]>
              </value>
            </param>
            <param index="6">
              <value>
                <![CDATA[9876543410]]>
              </value>
            </param>
            <param index="7">
              <value>
                <![CDATA[English]]>
              </value>
            </param>
          </params>
          <reporter-output>
          </reporter-output>
        </test-method> <!-- user -->
        <test-method status="PASS" signature="tearDown()[pri:0, instance:com.training.sanity.tests.MutiUserSignUpTest_WrongInput_ELTC_62@39aeed2f]" name="tearDown" is-config="true" duration-ms="1002" started-at="2020-04-16T21:01:10Z" finished-at="2020-04-16T21:01:11Z">
          <reporter-output>
          </reporter-output>
        </test-method> <!-- tearDown -->
        <test-method status="PASS" signature="setUp()[pri:0, instance:com.training.sanity.tests.MutiUserSignUpTest_WrongInput_ELTC_62@39aeed2f]" name="setUp" is-config="true" duration-ms="20672" started-at="2020-04-16T21:01:11Z" finished-at="2020-04-16T21:01:32Z">
          <reporter-output>
          </reporter-output>
        </test-method> <!-- setUp -->
        <test-method status="PASS" signature="user(java.lang.String, java.lang.String, java.lang.String, java.lang.String, java.lang.String, java.lang.String, java.lang.String, java.lang.String)[pri:0, instance:com.training.sanity.tests.MutiUserSignUpTest_WrongInput_ELTC_62@39aeed2f]" name="user" duration-ms="10520" started-at="2020-04-16T21:01:32Z" data-provider="TestData" finished-at="2020-04-16T21:01:42Z">
          <params>
            <param index="0">
              <value>
                <![CDATA[dean]]>
              </value>
            </param>
            <param index="1">
              <value>
                <![CDATA[peter]]>
              </value>
            </param>
            <param index="2">
              <value>
                <![CDATA[dean]]>
              </value>
            </param>
            <param index="3">
              <value>
                <![CDATA[dean]]>
              </value>
            </param>
            <param index="4">
              <value>
                <![CDATA[dean]]>
              </value>
            </param>
            <param index="5">
              <value>
                <![CDATA[dean]]>
              </value>
            </param>
            <param index="6">
              <value>
                <![CDATA[9876543411]]>
              </value>
            </param>
            <param index="7">
              <value>
                <![CDATA[English]]>
              </value>
            </param>
          </params>
          <reporter-output>
          </reporter-output>
        </test-method> <!-- user -->
        <test-method status="PASS" signature="tearDown()[pri:0, instance:com.training.sanity.tests.MutiUserSignUpTest_WrongInput_ELTC_62@39aeed2f]" name="tearDown" is-config="true" duration-ms="1001" started-at="2020-04-16T21:01:42Z" finished-at="2020-04-16T21:01:43Z">
          <reporter-output>
          </reporter-output>
        </test-method> <!-- tearDown -->
        <test-method status="PASS" signature="setUp()[pri:0, instance:com.training.sanity.tests.MutiUserSignUpTest_WrongInput_ELTC_62@39aeed2f]" name="setUp" is-config="true" duration-ms="19894" started-at="2020-04-16T21:01:43Z" finished-at="2020-04-16T21:02:03Z">
          <reporter-output>
          </reporter-output>
        </test-method> <!-- setUp -->
        <test-method status="PASS" signature="user(java.lang.String, java.lang.String, java.lang.String, java.lang.String, java.lang.String, java.lang.String, java.lang.String, java.lang.String)[pri:0, instance:com.training.sanity.tests.MutiUserSignUpTest_WrongInput_ELTC_62@39aeed2f]" name="user" duration-ms="41902" started-at="2020-04-16T21:02:03Z" data-provider="TestData" finished-at="2020-04-16T21:02:45Z">
          <params>
            <param index="0">
              <value>
                <![CDATA[anita]]>
              </value>
            </param>
            <param index="1">
              <value>
                <![CDATA[dhat]]>
              </value>
            </param>
            <param index="2">
              <value>
                <![CDATA[kiran@gmail.com]]>
              </value>
            </param>
            <param index="3">
              <value>
                <![CDATA[anita]]>
              </value>
            </param>
            <param index="4">
              <value>
                <![CDATA[anita]]>
              </value>
            </param>
            <param index="5">
              <value>
                <![CDATA[dhat]]>
              </value>
            </param>
            <param index="6">
              <value>
                <![CDATA[9876543412]]>
              </value>
            </param>
            <param index="7">
              <value>
                <![CDATA[English]]>
              </value>
            </param>
          </params>
          <reporter-output>
          </reporter-output>
        </test-method> <!-- user -->
        <test-method status="PASS" signature="tearDown()[pri:0, instance:com.training.sanity.tests.MutiUserSignUpTest_WrongInput_ELTC_62@39aeed2f]" name="tearDown" is-config="true" duration-ms="1001" started-at="2020-04-16T21:02:45Z" finished-at="2020-04-16T21:02:46Z">
          <reporter-output>
          </reporter-output>
        </test-method> <!-- tearDown -->
        <test-method status="PASS" signature="setUp()[pri:0, instance:com.training.sanity.tests.MutiUserSignUpTest_WrongInput_ELTC_62@39aeed2f]" name="setUp" is-config="true" duration-ms="19215" started-at="2020-04-16T21:02:46Z" finished-at="2020-04-16T21:03:05Z">
          <reporter-output>
          </reporter-output>
        </test-method> <!-- setUp -->
        <test-method status="PASS" signature="user(java.lang.String, java.lang.String, java.lang.String, java.lang.String, java.lang.String, java.lang.String, java.lang.String, java.lang.String)[pri:0, instance:com.training.sanity.tests.MutiUserSignUpTest_WrongInput_ELTC_62@39aeed2f]" name="user" duration-ms="45316" started-at="2020-04-16T21:03:05Z" data-provider="TestData" finished-at="2020-04-16T21:03:51Z">
          <params>
            <param index="0">
              <value>
                <![CDATA[kajal]]>
              </value>
            </param>
            <param index="1">
              <value>
                <![CDATA[teacher]]>
              </value>
            </param>
            <param index="2">
              <value>
                <![CDATA[rohan@gmail.com]]>
              </value>
            </param>
            <param index="3">
              <value>
                <![CDATA[kajal]]>
              </value>
            </param>
            <param index="4">
              <value>
                <![CDATA[kajal]]>
              </value>
            </param>
            <param index="5">
              <value>
                <![CDATA[kajal]]>
              </value>
            </param>
            <param index="6">
              <value>
                <![CDATA[$#%#$%#%#%]]>
              </value>
            </param>
            <param index="7">
              <value>
                <![CDATA[English]]>
              </value>
            </param>
          </params>
          <reporter-output>
          </reporter-output>
        </test-method> <!-- user -->
        <test-method status="PASS" signature="tearDown()[pri:0, instance:com.training.sanity.tests.MutiUserSignUpTest_WrongInput_ELTC_62@39aeed2f]" name="tearDown" is-config="true" duration-ms="1002" started-at="2020-04-16T21:03:51Z" finished-at="2020-04-16T21:03:52Z">
          <reporter-output>
          </reporter-output>
        </test-method> <!-- tearDown -->
      </class> <!-- com.training.sanity.tests.MutiUserSignUpTest_WrongInput_ELTC_62 -->
    </test> <!-- Default test -->
  </suite> <!-- Default suite -->
</testng-results>
