<?xml version="1.0" encoding="UTF-8"?>
<!-- Generated by org.testng.reporters.JUnitXMLReporter -->
<testsuite hostname="DESKTOP-NCEPSBE" ignored="0" name="Default test" tests="4" failures="0" timestamp="16 Apr 2020 15:33:52 GMT" time="227.82" errors="0">
  <testcase name="user" time="41.441" classname="com.training.sanity.tests.MutiUserSignUpTest_WrongInput_ELTC_62"/>
  <testcase name="user" time="10.52" classname="com.training.sanity.tests.MutiUserSignUpTest_WrongInput_ELTC_62"/>
  <testcase name="user" time="41.902" classname="com.training.sanity.tests.MutiUserSignUpTest_WrongInput_ELTC_62"/>
  <testcase name="user" time="45.316" classname="com.training.sanity.tests.MutiUserSignUpTest_WrongInput_ELTC_62"/>
</testsuite> <!-- Default test -->
